0 verbose cli C:\Program Files\nodejs\node.exe C:\Program Files\nodejs\node_modules\npm\bin\npm-cli.js
1 info using npm@10.7.0
2 info using node@v20.14.0
3 silly config:load:file:C:\Program Files\nodejs\node_modules\npm\npmrc
4 silly config:load:file:C:\Users\ishik\OneDrive\Desktop\ecommerce_app\wear2care\.npmrc
5 silly config:load:file:C:\Users\ishik\.npmrc
6 silly config:load:file:C:\Users\ishik\OneDrive\Desktop\ecommerce_app\wear2care\%ishik%\AppData\Roaming\npm\etc\npmrc
7 verbose title npm install react-icons
8 verbose argv "install" "react-icons"
9 verbose logfile logs-max:10 dir:C:\Users\ishik\OneDrive\Desktop\ecommerce_app\wear2care\%ishik%\AppData\Roaming\npm-cache\_logs\2024-07-06T09_04_49_748Z-
10 verbose logfile C:\Users\ishik\OneDrive\Desktop\ecommerce_app\wear2care\%ishik%\AppData\Roaming\npm-cache\_logs\2024-07-06T09_04_49_748Z-debug-0.log
11 silly logfile done cleaning log files
12 silly idealTree buildDeps
13 silly fetch manifest react-icons@*
14 verbose shrinkwrap failed to load node_modules/.package-lock.json out of date, updated: node_modules
15 http fetch GET 200 https://registry.npmjs.org/npm 602ms
16 http fetch GET 200 https://registry.npmjs.org/react-icons 1092ms (cache miss)
17 silly fetch manifest react@*
18 http fetch GET 200 https://registry.npmjs.org/react 357ms (cache miss)
19 silly placeDep ROOT react-icons@5.2.1 OK for: wear2care@1.0.0 want: *
20 silly placeDep ROOT react@18.3.1 OK for: react-icons@5.2.1 want: *
21 silly fetch manifest loose-envify@^1.1.0
22 http fetch GET 200 https://registry.npmjs.org/loose-envify 907ms (cache miss)
23 silly placeDep ROOT loose-envify@1.4.0 OK for: react@18.3.1 want: ^1.1.0
24 silly fetch manifest js-tokens@^3.0.0 || ^4.0.0
25 http fetch GET 200 https://registry.npmjs.org/js-tokens 61ms (cache miss)
26 silly placeDep ROOT js-tokens@4.0.0 OK for: loose-envify@1.4.0 want: ^3.0.0 || ^4.0.0
27 silly reify moves {}
28 silly audit bulk request {
28 silly audit   '@mapbox/node-pre-gyp': [ '1.0.11' ],
28 silly audit   '@mongodb-js/saslprep': [ '1.1.7' ],
28 silly audit   '@types/webidl-conversions': [ '7.0.3' ],
28 silly audit   '@types/whatwg-url': [ '11.0.5' ],
28 silly audit   abbrev: [ '1.1.1' ],
28 silly audit   accepts: [ '1.3.8' ],
28 silly audit   'agent-base': [ '6.0.2' ],
28 silly audit   debug: [ '4.3.5', '2.6.9' ],
28 silly audit   ms: [ '2.1.2', '2.1.3', '2.0.0' ],
28 silly audit   'ansi-regex': [ '5.0.1' ],
28 silly audit   anymatch: [ '3.1.3' ],
28 silly audit   aproba: [ '2.0.0' ],
28 silly audit   'are-we-there-yet': [ '2.0.0' ],
28 silly audit   'array-flatten': [ '1.1.1' ],
28 silly audit   'balanced-match': [ '1.0.2' ],
28 silly audit   'basic-auth': [ '2.0.1' ],
28 silly audit   'safe-buffer': [ '5.1.2', '5.2.1' ],
28 silly audit   bcrypt: [ '5.1.1' ],
28 silly audit   'binary-extensions': [ '2.3.0' ],
28 silly audit   'body-parser': [ '1.20.2' ],
28 silly audit   'brace-expansion': [ '1.1.11' ],
28 silly audit   braces: [ '3.0.3' ],
28 silly audit   bson: [ '6.8.0' ],
28 silly audit   'buffer-equal-constant-time': [ '1.0.1' ],
28 silly audit   bytes: [ '3.1.2' ],
28 silly audit   'call-bind': [ '1.0.7' ],
28 silly audit   chokidar: [ '3.6.0' ],
28 silly audit   chownr: [ '2.0.0' ],
28 silly audit   'color-support': [ '1.1.3' ],
28 silly audit   colors: [ '1.4.0' ],
28 silly audit   'concat-map': [ '0.0.1' ],
28 silly audit   'console-control-strings': [ '1.1.0' ],
28 silly audit   'content-disposition': [ '0.5.4' ],
28 silly audit   'content-type': [ '1.0.5' ],
28 silly audit   cookie: [ '0.6.0' ],
28 silly audit   'cookie-signature': [ '1.0.6' ],
28 silly audit   'define-data-property': [ '1.1.4' ],
28 silly audit   delegates: [ '1.0.0' ],
28 silly audit   depd: [ '2.0.0' ],
28 silly audit   destroy: [ '1.2.0' ],
28 silly audit   'detect-libc': [ '2.0.3' ],
28 silly audit   dotenv: [ '16.4.5' ],
28 silly audit   'ecdsa-sig-formatter': [ '1.0.11' ],
28 silly audit   'ee-first': [ '1.1.1' ],
28 silly audit   'emoji-regex': [ '8.0.0' ],
28 silly audit   encodeurl: [ '1.0.2' ],
28 silly audit   'es-define-property': [ '1.0.0' ],
28 silly audit   'es-errors': [ '1.3.0' ],
28 silly audit   'escape-html': [ '1.0.3' ],
28 silly audit   etag: [ '1.8.1' ],
28 silly audit   expess: [ '0.0.1-security' ],
28 silly audit   express: [ '4.19.2' ],
28 silly audit   'fill-range': [ '7.1.1' ],
28 silly audit   finalhandler: [ '1.2.0' ],
28 silly audit   forwarded: [ '0.2.0' ],
28 silly audit   fresh: [ '0.5.2' ],
28 silly audit   'fs-minipass': [ '2.1.0' ],
28 silly audit   minipass: [ '3.3.6', '5.0.0' ],
28 silly audit   'fs.realpath': [ '1.0.0' ],
28 silly audit   fsevents: [ '2.3.3' ],
28 silly audit   'function-bind': [ '1.1.2' ],
28 silly audit   gauge: [ '3.0.2' ],
28 silly audit   'get-intrinsic': [ '1.2.4' ],
28 silly audit   glob: [ '7.2.3' ],
28 silly audit   'glob-parent': [ '5.1.2' ],
28 silly audit   gopd: [ '1.0.1' ],
28 silly audit   'has-flag': [ '3.0.0' ],
28 silly audit   'has-property-descriptors': [ '1.0.2' ],
28 silly audit   'has-proto': [ '1.0.3' ],
28 silly audit   'has-symbols': [ '1.0.3' ],
28 silly audit   'has-unicode': [ '2.0.1' ],
28 silly audit   hasown: [ '2.0.2' ],
28 silly audit   'http-errors': [ '2.0.0' ],
28 silly audit   'https-proxy-agent': [ '5.0.1' ],
28 silly audit   'iconv-lite': [ '0.4.24' ],
28 silly audit   'ignore-by-default': [ '1.0.1' ],
28 silly audit   inflight: [ '1.0.6' ],
28 silly audit   inherits: [ '2.0.4' ],
28 silly audit   'ipaddr.js': [ '1.9.1' ],
28 silly audit   'is-binary-path': [ '2.1.0' ],
28 silly audit   'is-extglob': [ '2.1.1' ],
28 silly audit   'is-fullwidth-code-point': [ '3.0.0' ],
28 silly audit   'is-glob': [ '4.0.3' ],
28 silly audit   'is-number': [ '7.0.0' ],
28 silly audit   jsonwebtoken: [ '9.0.2' ],
28 silly audit   jwa: [ '1.4.1' ],
28 silly audit   jws: [ '3.2.2' ],
28 silly audit   kareem: [ '2.6.3' ],
28 silly audit   'lodash.includes': [ '4.3.0' ],
28 silly audit   'lodash.isboolean': [ '3.0.3' ],
28 silly audit   'lodash.isinteger': [ '4.0.4' ],
28 silly audit   'lodash.isnumber': [ '3.0.3' ],
28 silly audit   'lodash.isplainobject': [ '4.0.6' ],
28 silly audit   'lodash.isstring': [ '4.0.1' ],
28 silly audit   'lodash.once': [ '4.1.1' ],
28 silly audit   'make-dir': [ '3.1.0' ],
28 silly audit   semver: [ '6.3.1', '7.6.2' ],
28 silly audit   'media-typer': [ '0.3.0' ],
28 silly audit   'memory-pager': [ '1.5.0' ],
28 silly audit   'merge-descriptors': [ '1.0.1' ],
28 silly audit   methods: [ '1.1.2' ],
28 silly audit   mime: [ '1.6.0' ],
28 silly audit   'mime-db': [ '1.52.0' ],
28 silly audit   'mime-types': [ '2.1.35' ],
28 silly audit   minimatch: [ '3.1.2' ],
28 silly audit   minizlib: [ '2.1.2' ],
28 silly audit   mkdirp: [ '1.0.4' ],
28 silly audit   mongodb: [ '6.6.2' ],
28 silly audit   'mongodb-connection-string-url': [ '3.0.1' ],
28 silly audit   mongoose: [ '8.4.4' ],
28 silly audit   morgan: [ '1.10.0' ],
28 silly audit   'on-finished': [ '2.3.0', '2.4.1' ],
28 silly audit   mpath: [ '0.9.0' ],
28 silly audit   mquery: [ '5.0.0' ],
28 silly audit   negotiator: [ '0.6.3' ],
28 silly audit   'node-addon-api': [ '5.1.0' ],
28 silly audit   'node-fetch': [ '2.7.0' ],
28 silly audit   tr46: [ '0.0.3', '4.1.1' ],
28 silly audit   'webidl-conversions': [ '3.0.1', '7.0.0' ],
28 silly audit   'whatwg-url': [ '5.0.0', '13.0.0' ],
28 silly audit   nodemon: [ '3.1.4' ],
28 silly audit   nopt: [ '5.0.0' ],
28 silly audit   'normalize-path': [ '3.0.0' ],
28 silly audit   npmlog: [ '5.0.1' ],
28 silly audit   'object-assign': [ '4.1.1' ],
28 silly audit   'object-inspect': [ '1.13.2' ],
28 silly audit   'on-headers': [ '1.0.2' ],
28 silly audit   once: [ '1.4.0' ],
28 silly audit   parseurl: [ '1.3.3' ],
28 silly audit   'path-is-absolute': [ '1.0.1' ],
28 silly audit   'path-to-regexp': [ '0.1.7' ],
28 silly audit   picomatch: [ '2.3.1' ],
28 silly audit   'proxy-addr': [ '2.0.7' ],
28 silly audit   'pstree.remy': [ '1.1.8' ],
28 silly audit   punycode: [ '2.3.1' ],
28 silly audit   qs: [ '6.11.0' ],
28 silly audit   'range-parser': [ '1.2.1' ],
28 silly audit   'raw-body': [ '2.5.2' ],
28 silly audit   'readable-stream': [ '3.6.2' ],
28 silly audit   readdirp: [ '3.6.0' ],
28 silly audit   rimraf: [ '3.0.2' ],
28 silly audit   'safer-buffer': [ '2.1.2' ],
28 silly audit   send: [ '0.18.0' ],
28 silly audit   'serve-static': [ '1.15.0' ],
28 silly audit   'set-blocking': [ '2.0.0' ],
28 silly audit   'set-function-length': [ '1.2.2' ],
28 silly audit   setprototypeof: [ '1.2.0' ],
28 silly audit   'side-channel': [ '1.0.6' ],
28 silly audit   sift: [ '17.1.3' ],
28 silly audit   'signal-exit': [ '3.0.7' ],
28 silly audit   'simple-update-notifier': [ '2.0.0' ],
28 silly audit   'sparse-bitfield': [ '3.0.3' ],
28 silly audit   statuses: [ '2.0.1' ],
28 silly audit   string_decoder: [ '1.3.0' ],
28 silly audit   'string-width': [ '4.2.3' ],
28 silly audit   'strip-ansi': [ '6.0.1' ],
28 silly audit   'supports-color': [ '5.5.0' ],
28 silly audit   tar: [ '6.2.1' ],
28 silly audit   'to-regex-range': [ '5.0.1' ],
28 silly audit   toidentifier: [ '1.0.1' ],
28 silly audit   touch: [ '3.1.1' ],
28 silly audit   'type-is': [ '1.6.18' ],
28 silly audit   undefsafe: [ '2.0.5' ],
28 silly audit   unpipe: [ '1.0.0' ],
28 silly audit   'util-deprecate': [ '1.0.2' ],
28 silly audit   'utils-merge': [ '1.0.1' ],
28 silly audit   vary: [ '1.1.2' ],
28 silly audit   'wide-align': [ '1.1.5' ],
28 silly audit   wrappy: [ '1.0.2' ],
28 silly audit   yallist: [ '4.0.0' ],
28 silly audit   'react-icons': [ '5.2.1' ],
28 silly audit   react: [ '18.3.1' ],
28 silly audit   'loose-envify': [ '1.4.0' ],
28 silly audit   'js-tokens': [ '4.0.0' ]
28 silly audit }
29 verbose reify failed optional dependency C:\Users\ishik\OneDrive\Desktop\ecommerce_app\wear2care\node_modules\fsevents
30 silly reify mark deleted [
30 silly reify   'C:\\Users\\ishik\\OneDrive\\Desktop\\ecommerce_app\\wear2care\\node_modules\\fsevents'
30 silly reify ]
31 silly tarball no local data for js-tokens@https://registry.npmjs.org/js-tokens/-/js-tokens-4.0.0.tgz. Extracting by manifest.
32 silly tarball no local data for loose-envify@https://registry.npmjs.org/loose-envify/-/loose-envify-1.4.0.tgz. Extracting by manifest.
33 silly tarball no local data for react@https://registry.npmjs.org/react/-/react-18.3.1.tgz. Extracting by manifest.
34 silly tarball no local data for react-icons@https://registry.npmjs.org/react-icons/-/react-icons-5.2.1.tgz. Extracting by manifest.
35 http fetch GET 200 https://registry.npmjs.org/js-tokens/-/js-tokens-4.0.0.tgz 176ms (cache miss)
36 http fetch GET 200 https://registry.npmjs.org/loose-envify/-/loose-envify-1.4.0.tgz 241ms (cache miss)
37 http fetch POST 200 https://registry.npmjs.org/-/npm/v1/security/advisories/bulk 330ms
38 silly audit report {}
39 http fetch GET 200 https://registry.npmjs.org/react/-/react-18.3.1.tgz 427ms (cache miss)
40 http fetch GET 200 https://registry.npmjs.org/react-icons/-/react-icons-5.2.1.tgz 3781ms (cache miss)
41 silly ADD node_modules/js-tokens
42 silly ADD node_modules/loose-envify
43 silly ADD node_modules/react
44 silly ADD node_modules/react-icons
45 silly ADD
46 notice
46 notice New [33mminor[39m version of npm available! [33m10.7.0[39m -> [34m10.8.1[39m
46 notice Changelog: [34mhttps://github.com/npm/cli/releases/tag/v10.8.1[39m
46 notice To update run: [4mnpm install -g npm@10.8.1[24m
46 notice  { force: true, [Symbol(proc-log.meta)]: true }
47 verbose exit 0
48 info ok
